# JRE version: Java(TM) SE Runtime Environment 18.9 (11.0.9+7) (build 11.0.9+7-LTS)
# Java VM: Java HotSpot(TM) 64-Bit Server VM 18.9 (11.0.9+7-LTS, mixed mode, tiered, compressed oops, g1 gc, windows-amd64)
Heap:
 garbage-first heap   total 229376K, used 177456K [0x0000000080000000, 0x0000000100000000)
  region size 1024K, 15 young (15360K), 3 survivors (3072K)
 Metaspace       used 110567K, capacity 114481K, committed 114688K, reserved 616448K
  class space    used 14573K, capacity 16051K, committed 16128K, reserved 516096K
GC Heap History (10 events):
Event: 26.561 GC heap before
{Heap before GC invocations=24 (full 0):
 garbage-first heap   total 229376K, used 189711K [0x0000000080000000, 0x0000000100000000)
  region size 1024K, 46 young (47104K), 5 survivors (5120K)
 Metaspace       used 107030K, capacity 110819K, committed 110848K, reserved 612352K
  class space    used 14161K, capacity 15598K, committed 15616K, reserved 516096K
}
Event: 26.569 GC heap after
{Heap after GC invocations=25 (full 0):
 garbage-first heap   total 229376K, used 154531K [0x0000000080000000, 0x0000000100000000)
  region size 1024K, 6 young (6144K), 6 survivors (6144K)
 Metaspace       used 107030K, capacity 110819K, committed 110848K, reserved 612352K
  class space    used 14161K, capacity 15598K, committed 15616K, reserved 516096K
}
Event: 26.856 GC heap before
{Heap before GC invocations=26 (full 0):
 garbage-first heap   total 229376K, used 191395K [0x0000000080000000, 0x0000000100000000)
  region size 1024K, 42 young (43008K), 6 survivors (6144K)
 Metaspace       used 107279K, capacity 111081K, committed 111104K, reserved 612352K
  class space    used 14173K, capacity 15599K, committed 15616K, reserved 516096K
}
Event: 26.862 GC heap after
{Heap after GC invocations=27 (full 0):
 garbage-first heap   total 229376K, used 159257K [0x0000000080000000, 0x0000000100000000)
  region size 1024K, 5 young (5120K), 5 survivors (5120K)
 Metaspace       used 107279K, capacity 111081K, committed 111104K, reserved 612352K
  class space    used 14173K, capacity 15599K, committed 15616K, reserved 516096K
}
Event: 27.180 GC heap before
{Heap before GC invocations=27 (full 0):
 garbage-first heap   total 229376K, used 193049K [0x0000000080000000, 0x0000000100000000)
  region size 1024K, 38 young (38912K), 5 survivors (5120K)
 Metaspace       used 108623K, capacity 112404K, committed 112512K, reserved 614400K
  class space    used 14307K, capacity 15735K, committed 15744K, reserved 516096K
}
Event: 27.185 GC heap after
{Heap after GC invocations=28 (full 0):
 garbage-first heap   total 229376K, used 162665K [0x0000000080000000, 0x0000000100000000)
  region size 1024K, 4 young (4096K), 4 survivors (4096K)
 Metaspace       used 108623K, capacity 112404K, committed 112512K, reserved 614400K
  class space    used 14307K, capacity 15735K, committed 15744K, reserved 516096K
}
Event: 27.485 GC heap before
{Heap before GC invocations=29 (full 0):
 garbage-first heap   total 229376K, used 194409K [0x0000000080000000, 0x0000000100000000)
  region size 1024K, 35 young (35840K), 4 survivors (4096K)
 Metaspace       used 109797K, capacity 113587K, committed 113792K, reserved 614400K
  class space    used 14447K, capacity 15907K, committed 16000K, reserved 516096K
}
Event: 27.490 GC heap after
{Heap after GC invocations=30 (full 0):
 garbage-first heap   total 229376K, used 165743K [0x0000000080000000, 0x0000000100000000)
  region size 1024K, 3 young (3072K), 3 survivors (3072K)
 Metaspace       used 109797K, capacity 113587K, committed 113792K, reserved 614400K
  class space    used 14447K, capacity 15907K, committed 16000K, reserved 516096K
}
Event: 27.649 GC heap before
{Heap before GC invocations=30 (full 0):
 garbage-first heap   total 229376K, used 196463K [0x0000000080000000, 0x0000000100000000)
  region size 1024K, 33 young (33792K), 3 survivors (3072K)
 Metaspace       used 110422K, capacity 114280K, committed 114432K, reserved 614400K
  class space    used 14554K, capacity 16026K, committed 16128K, reserved 516096K
}
Event: 27.655 GC heap after
{Heap after GC invocations=31 (full 0):
 garbage-first heap   total 229376K, used 168240K [0x0000000080000000, 0x0000000100000000)
  region size 1024K, 3 young (3072K), 3 survivors (3072K)
 Metaspace       used 110422K, capacity 114280K, committed 114432K, reserved 614400K
  class space    used 14554K, capacity 16026K, committed 16128K, reserved 516096K
}

