# JRE version: Java(TM) SE Runtime Environment 18.9 (11.0.9+7) (build 11.0.9+7-LTS)
# Java VM: Java HotSpot(TM) 64-Bit Server VM 18.9 (11.0.9+7-LTS, mixed mode, tiered, compressed oops, g1 gc, windows-amd64)
Heap:
 garbage-first heap   total 229376K, used 176719K [0x0000000080000000, 0x0000000100000000)
  region size 1024K, 18 young (18432K), 4 survivors (4096K)
 Metaspace       used 109492K, capacity 113249K, committed 113280K, reserved 614400K
  class space    used 14414K, capacity 15865K, committed 15872K, reserved 516096K
GC Heap History (10 events):
Event: 21.724 GC heap before
{Heap before GC invocations=21 (full 0):
 garbage-first heap   total 229376K, used 187992K [0x0000000080000000, 0x0000000100000000)
  region size 1024K, 58 young (59392K), 8 survivors (8192K)
 Metaspace       used 102583K, capacity 106181K, committed 106368K, reserved 608256K
  class space    used 13657K, capacity 15032K, committed 15104K, reserved 516096K
}
Event: 21.731 GC heap after
{Heap after GC invocations=22 (full 0):
 garbage-first heap   total 229376K, used 143565K [0x0000000080000000, 0x0000000100000000)
  region size 1024K, 7 young (7168K), 7 survivors (7168K)
 Metaspace       used 102583K, capacity 106181K, committed 106368K, reserved 608256K
  class space    used 13657K, capacity 15032K, committed 15104K, reserved 516096K
}
Event: 22.288 GC heap before
{Heap before GC invocations=23 (full 0):
 garbage-first heap   total 229376K, used 188621K [0x0000000080000000, 0x0000000100000000)
  region size 1024K, 51 young (52224K), 7 survivors (7168K)
 Metaspace       used 106148K, capacity 109732K, committed 109824K, reserved 612352K
  class space    used 14082K, capacity 15488K, committed 15488K, reserved 516096K
}
Event: 22.294 GC heap after
{Heap after GC invocations=24 (full 0):
 garbage-first heap   total 229376K, used 149330K [0x0000000080000000, 0x0000000100000000)
  region size 1024K, 6 young (6144K), 6 survivors (6144K)
 Metaspace       used 106148K, capacity 109732K, committed 109824K, reserved 612352K
  class space    used 14082K, capacity 15488K, committed 15488K, reserved 516096K
}
Event: 22.888 GC heap before
{Heap before GC invocations=24 (full 0):
 garbage-first heap   total 229376K, used 190290K [0x0000000080000000, 0x0000000100000000)
  region size 1024K, 46 young (47104K), 6 survivors (6144K)
 Metaspace       used 107002K, capacity 110813K, committed 110976K, reserved 612352K
  class space    used 14162K, capacity 15598K, committed 15616K, reserved 516096K
}
Event: 22.896 GC heap after
{Heap after GC invocations=25 (full 0):
 garbage-first heap   total 229376K, used 155433K [0x0000000080000000, 0x0000000100000000)
  region size 1024K, 6 young (6144K), 6 survivors (6144K)
 Metaspace       used 107002K, capacity 110813K, committed 110976K, reserved 612352K
  class space    used 14162K, capacity 15598K, committed 15616K, reserved 516096K
}
Event: 23.213 GC heap before
{Heap before GC invocations=26 (full 0):
 garbage-first heap   total 229376K, used 192297K [0x0000000080000000, 0x0000000100000000)
  region size 1024K, 42 young (43008K), 6 survivors (6144K)
 Metaspace       used 107309K, capacity 111078K, committed 111232K, reserved 612352K
  class space    used 14179K, capacity 15599K, committed 15616K, reserved 516096K
}
Event: 23.221 GC heap after
{Heap after GC invocations=27 (full 0):
 garbage-first heap   total 229376K, used 160107K [0x0000000080000000, 0x0000000100000000)
  region size 1024K, 5 young (5120K), 5 survivors (5120K)
 Metaspace       used 107309K, capacity 111078K, committed 111232K, reserved 612352K
  class space    used 14179K, capacity 15599K, committed 15616K, reserved 516096K
}
Event: 23.513 GC heap before
{Heap before GC invocations=27 (full 0):
 garbage-first heap   total 229376K, used 193899K [0x0000000080000000, 0x0000000100000000)
  region size 1024K, 38 young (38912K), 5 survivors (5120K)
 Metaspace       used 108756K, capacity 112558K, committed 112768K, reserved 614400K
  class space    used 14329K, capacity 15766K, committed 15872K, reserved 516096K
}
Event: 23.517 GC heap after
{Heap after GC invocations=28 (full 0):
 garbage-first heap   total 229376K, used 163407K [0x0000000080000000, 0x0000000100000000)
  region size 1024K, 4 young (4096K), 4 survivors (4096K)
 Metaspace       used 108756K, capacity 112558K, committed 112768K, reserved 614400K
  class space    used 14329K, capacity 15766K, committed 15872K, reserved 516096K
}

