# JRE version: Java(TM) SE Runtime Environment 18.9 (11.0.9+7) (build 11.0.9+7-LTS)
# Java VM: Java HotSpot(TM) 64-Bit Server VM 18.9 (11.0.9+7-LTS, mixed mode, tiered, compressed oops, g1 gc, windows-amd64)
Heap:
 garbage-first heap   total 229376K, used 148377K [0x0000000080000000, 0x0000000100000000)
  region size 1024K, 14 young (14336K), 7 survivors (7168K)
 Metaspace       used 102471K, capacity 106051K, committed 106404K, reserved 608256K
  class space    used 13647K, capacity 15033K, committed 15144K, reserved 516096K
GC Heap History (10 events):
Event: 23.587 GC heap before
{Heap before GC invocations=15 (full 0):
 garbage-first heap   total 229376K, used 191595K [0x0000000080000000, 0x0000000100000000)
  region size 1024K, 93 young (95232K), 12 survivors (12288K)
 Metaspace       used 96630K, capacity 99730K, committed 100004K, reserved 602112K
  class space    used 12838K, capacity 14033K, committed 14120K, reserved 516096K
}
Event: 23.595 GC heap after
{Heap after GC invocations=16 (full 0):
 garbage-first heap   total 229376K, used 119214K [0x0000000080000000, 0x0000000100000000)
  region size 1024K, 11 young (11264K), 11 survivors (11264K)
 Metaspace       used 96630K, capacity 99730K, committed 100004K, reserved 602112K
  class space    used 12838K, capacity 14033K, committed 14120K, reserved 516096K
}
Event: 23.788 GC heap before
{Heap before GC invocations=16 (full 0):
 garbage-first heap   total 229376K, used 132526K [0x0000000080000000, 0x0000000100000000)
  region size 1024K, 26 young (26624K), 11 survivors (11264K)
 Metaspace       used 96768K, capacity 99890K, committed 100004K, reserved 602112K
  class space    used 12840K, capacity 14036K, committed 14120K, reserved 516096K
}
Event: 23.793 GC heap after
{Heap after GC invocations=17 (full 0):
 garbage-first heap   total 229376K, used 121511K [0x0000000080000000, 0x0000000100000000)
  region size 1024K, 3 young (3072K), 3 survivors (3072K)
 Metaspace       used 96768K, capacity 99890K, committed 100004K, reserved 602112K
  class space    used 12840K, capacity 14036K, committed 14120K, reserved 516096K
}
Event: 23.979 GC heap before
{Heap before GC invocations=18 (full 0):
 garbage-first heap   total 229376K, used 125607K [0x0000000080000000, 0x0000000100000000)
  region size 1024K, 6 young (6144K), 3 survivors (3072K)
 Metaspace       used 96707K, capacity 99788K, committed 100004K, reserved 602112K
  class space    used 12822K, capacity 14002K, committed 14120K, reserved 516096K
}
Event: 23.981 GC heap after
{Heap after GC invocations=19 (full 0):
 garbage-first heap   total 229376K, used 124503K [0x0000000080000000, 0x0000000100000000)
  region size 1024K, 4 young (4096K), 4 survivors (4096K)
 Metaspace       used 96707K, capacity 99788K, committed 100004K, reserved 602112K
  class space    used 12822K, capacity 14002K, committed 14120K, reserved 516096K
}
Event: 24.721 GC heap before
{Heap before GC invocations=20 (full 0):
 garbage-first heap   total 229376K, used 181847K [0x0000000080000000, 0x0000000100000000)
  region size 1024K, 57 young (58368K), 4 survivors (4096K)
 Metaspace       used 98962K, capacity 102366K, committed 102436K, reserved 604160K
  class space    used 13118K, capacity 14440K, committed 14504K, reserved 516096K
}
Event: 24.726 GC heap after
{Heap after GC invocations=21 (full 0):
 garbage-first heap   total 229376K, used 135414K [0x0000000080000000, 0x0000000100000000)
  region size 1024K, 8 young (8192K), 8 survivors (8192K)
 Metaspace       used 98962K, capacity 102366K, committed 102436K, reserved 604160K
  class space    used 13118K, capacity 14440K, committed 14504K, reserved 516096K
}
Event: 25.277 GC heap before
{Heap before GC invocations=21 (full 0):
 garbage-first heap   total 229376K, used 183542K [0x0000000080000000, 0x0000000100000000)
  region size 1024K, 55 young (56320K), 8 survivors (8192K)
 Metaspace       used 101924K, capacity 105505K, committed 105764K, reserved 608256K
  class space    used 13551K, capacity 14923K, committed 15016K, reserved 516096K
}
Event: 25.284 GC heap after
{Heap after GC invocations=22 (full 0):
 garbage-first heap   total 229376K, used 142233K [0x0000000080000000, 0x0000000100000000)
  region size 1024K, 7 young (7168K), 7 survivors (7168K)
 Metaspace       used 101924K, capacity 105505K, committed 105764K, reserved 608256K
  class space    used 13551K, capacity 14923K, committed 15016K, reserved 516096K
}

