# JRE version: Java(TM) SE Runtime Environment 18.9 (11.0.9+7) (build 11.0.9+7-LTS)
# Java VM: Java HotSpot(TM) 64-Bit Server VM 18.9 (11.0.9+7-LTS, mixed mode, tiered, compressed oops, g1 gc, windows-amd64)
Heap:
 garbage-first heap   total 275456K, used 216981K [0x0000000080000000, 0x0000000100000000)
  region size 1024K, 29 young (29696K), 2 survivors (2048K)
 Metaspace       used 112169K, capacity 116217K, committed 116480K, reserved 616448K
  class space    used 14715K, capacity 16225K, committed 16256K, reserved 516096K
GC Heap History (10 events):
Event: 27.645 GC heap before
{Heap before GC invocations=50 (full 0):
 garbage-first heap   total 229376K, used 185610K [0x0000000080000000, 0x0000000100000000)
  region size 1024K, 5 young (5120K), 2 survivors (2048K)
 Metaspace       used 111724K, capacity 115719K, committed 115968K, reserved 616448K
  class space    used 14655K, capacity 16158K, committed 16256K, reserved 516096K
}
Event: 27.648 GC heap after
{Heap after GC invocations=51 (full 0):
 garbage-first heap   total 229376K, used 183795K [0x0000000080000000, 0x0000000100000000)
  region size 1024K, 2 young (2048K), 2 survivors (2048K)
 Metaspace       used 111724K, capacity 115719K, committed 115968K, reserved 616448K
  class space    used 14655K, capacity 16158K, committed 16256K, reserved 516096K
}
Event: 27.710 GC heap before
{Heap before GC invocations=51 (full 0):
 garbage-first heap   total 229376K, used 198131K [0x0000000080000000, 0x0000000100000000)
  region size 1024K, 13 young (13312K), 2 survivors (2048K)
 Metaspace       used 111726K, capacity 115720K, committed 115968K, reserved 616448K
  class space    used 14655K, capacity 16158K, committed 16256K, reserved 516096K
}
Event: 27.712 GC heap after
{Heap after GC invocations=52 (full 0):
 garbage-first heap   total 229376K, used 185124K [0x0000000080000000, 0x0000000100000000)
  region size 1024K, 2 young (2048K), 2 survivors (2048K)
 Metaspace       used 111726K, capacity 115720K, committed 115968K, reserved 616448K
  class space    used 14655K, capacity 16158K, committed 16256K, reserved 516096K
}
Event: 27.767 GC heap before
{Heap before GC invocations=52 (full 0):
 garbage-first heap   total 229376K, used 195364K [0x0000000080000000, 0x0000000100000000)
  region size 1024K, 13 young (13312K), 2 survivors (2048K)
 Metaspace       used 111734K, capacity 115721K, committed 115968K, reserved 616448K
  class space    used 14655K, capacity 16158K, committed 16256K, reserved 516096K
}
Event: 27.770 GC heap after
{Heap after GC invocations=53 (full 0):
 garbage-first heap   total 229376K, used 186033K [0x0000000080000000, 0x0000000100000000)
  region size 1024K, 1 young (1024K), 1 survivors (1024K)
 Metaspace       used 111734K, capacity 115721K, committed 115968K, reserved 616448K
  class space    used 14655K, capacity 16158K, committed 16256K, reserved 516096K
}
Event: 27.876 GC heap before
{Heap before GC invocations=54 (full 0):
 garbage-first heap   total 229376K, used 196273K [0x0000000080000000, 0x0000000100000000)
  region size 1024K, 12 young (12288K), 1 survivors (1024K)
 Metaspace       used 111761K, capacity 115735K, committed 115968K, reserved 616448K
  class space    used 14656K, capacity 16160K, committed 16256K, reserved 516096K
}
Event: 27.878 GC heap after
{Heap after GC invocations=55 (full 0):
 garbage-first heap   total 229376K, used 186492K [0x0000000080000000, 0x0000000100000000)
  region size 1024K, 2 young (2048K), 2 survivors (2048K)
 Metaspace       used 111761K, capacity 115735K, committed 115968K, reserved 616448K
  class space    used 14656K, capacity 16160K, committed 16256K, reserved 516096K
}
Event: 27.955 GC heap before
{Heap before GC invocations=55 (full 0):
 garbage-first heap   total 229376K, used 193660K [0x0000000080000000, 0x0000000100000000)
  region size 1024K, 10 young (10240K), 2 survivors (2048K)
 Metaspace       used 111922K, capacity 115927K, committed 116224K, reserved 616448K
  class space    used 14679K, capacity 16193K, committed 16256K, reserved 516096K
}
Event: 27.958 GC heap after
{Heap after GC invocations=56 (full 0):
 garbage-first heap   total 275456K, used 187285K [0x0000000080000000, 0x0000000100000000)
  region size 1024K, 2 young (2048K), 2 survivors (2048K)
 Metaspace       used 111922K, capacity 115927K, committed 116224K, reserved 616448K
  class space    used 14679K, capacity 16193K, committed 16256K, reserved 516096K
}

